<?xml version="1.0" encoding="UTF-8"?>
<testsuite name="com.bridgelabz.ValidateMax" tests="9" skipped="0" failures="0" errors="0" timestamp="2021-04-26T09:10:42" hostname="DESKTOP-7PU5C3M" time="0.005">
  <properties/>
  <testcase name="stringMaxAtFirstPositionTest" classname="com.bridgelabz.ValidateMax" time="0.002"/>
  <testcase name="integerMaxAtThirdPositionTest" classname="com.bridgelabz.ValidateMax" time="0.001"/>
  <testcase name="floatMaxAtThirdPositionTest" classname="com.bridgelabz.ValidateMax" time="0.0"/>
  <testcase name="integerMaxAtFirstPositionTest" classname="com.bridgelabz.ValidateMax" time="0.0"/>
  <testcase name="integerMaxAtSecondPositionTest" classname="com.bridgelabz.ValidateMax" time="0.0"/>
  <testcase name="stringMaxAtThirdPositionTest" classname="com.bridgelabz.ValidateMax" time="0.0"/>
  <testcase name="floatMaxAtFirstPositionTest" classname="com.bridgelabz.ValidateMax" time="0.0"/>
  <testcase name="stringMaxAtSecondPositionTest" classname="com.bridgelabz.ValidateMax" time="0.0"/>
  <testcase name="floatMaxAtSecondPositionTest" classname="com.bridgelabz.ValidateMax" time="0.0"/>
  <system-out><![CDATA[]]></system-out>
  <system-err><![CDATA[]]></system-err>
</testsuite>
