<?xml version="1.0" encoding="UTF-8"?>
<testsuite name="com.bridgelabz.ValidateMax" tests="3" skipped="0" failures="0" errors="0" timestamp="2021-04-26T09:23:51" hostname="DESKTOP-7PU5C3M" time="0.012">
  <properties/>
  <testcase name="integerMaxAtThirdPositionTest" classname="com.bridgelabz.ValidateMax" time="0.011"/>
  <testcase name="integerMaxAtFirstPositionTest" classname="com.bridgelabz.ValidateMax" time="0.0"/>
  <testcase name="integerMaxAtSecondPositionTest" classname="com.bridgelabz.ValidateMax" time="0.0"/>
  <system-out><![CDATA[]]></system-out>
  <system-err><![CDATA[]]></system-err>
</testsuite>
